<?xml version="1.0" encoding="UTF-8"?>
<!-- Generated by org.testng.reporters.JUnitXMLReporter -->
<testsuite ignored="0" hostname="MacBook-Air-3.local" failures="0" tests="1" name="Test" time="0.02" errors="0" timestamp="2024-05-21T11:24:25 BST">
  <testcase classname="com.prettylittlething.tests.PurchaseItemTest" name="@BeforeTest beforeTest" time="-1.716287065015E9">
    <failure type="org.testng.TestNGException" message="
Parameter &amp;apos;browser&amp;apos; is required by BeforeTest on method beforeTest but has not been marked @Optional or defined
in /Users/map/Documents/PrettyLittleThingsTestcases/testng.xml">
      <![CDATA[org.testng.TestNGException: 
Parameter 'browser' is required by BeforeTest on method beforeTest but has not been marked @Optional or defined
in /Users/map/Documents/PrettyLittleThingsTestcases/testng.xml
... Removed 21 stack frames]]>
    </failure>
  </testcase> <!-- @BeforeTest beforeTest -->
  <testcase classname="com.prettylittlething.tests.PurchaseItemTest" name="@AfterTest AfterTest" time="-1.716287065032E9">
    <skipped/>
  </testcase> <!-- @AfterTest AfterTest -->
  <testcase classname="com.prettylittlething.tests.PurchaseItemTest" name="PlaceOrderOnPLT" time="0.0">
    <skipped/>
  </testcase> <!-- PlaceOrderOnPLT -->
</testsuite> <!-- Test -->
